<?xml version="1.0" encoding="UTF-8"?>
<!-- Generated by org.testng.reporters.JUnitReportReporter -->
<testsuite hostname="DESKTOP-220868Q" failures="0" tests="1" name="tests.LoginTest" time="7.248" errors="0" timestamp="2025-09-02T13:23:10 IST" skipped="0">
  <testcase classname="tests.LoginTest" name="testValidLogin" time="7.248"/>
</testsuite> <!-- tests.LoginTest -->
